<?xml version="1.0" encoding="UTF-8"?>
<coverage generated="1570569292675" clover="3.2.0">
  <project timestamp="1570569292675" name="All files">
    <metrics statements="16" coveredstatements="11" conditionals="2" coveredconditionals="2" methods="5" coveredmethods="0" elements="23" coveredelements="13" complexity="0" loc="16" ncloc="16" packages="1" files="2" classes="2"/>
    <file name="hub.js" path="C:\Users\jswen\Desktop\deltav\401\lab-17\hub.js">
      <metrics statements="3" coveredstatements="3" conditionals="0" coveredconditionals="0" methods="0" coveredmethods="0"/>
      <line num="3" count="1" type="stmt"/>
      <line num="5" count="1" type="stmt"/>
      <line num="7" count="1" type="stmt"/>
    </file>
    <file name="logger.js" path="C:\Users\jswen\Desktop\deltav\401\lab-17\logger.js">
      <metrics statements="13" coveredstatements="8" conditionals="2" coveredconditionals="2" methods="5" coveredmethods="0"/>
      <line num="4" count="1" type="stmt"/>
      <line num="5" count="1" type="stmt"/>
      <line num="7" count="1" type="cond" truecount="2" falsecount="0"/>
      <line num="9" count="1" type="stmt"/>
      <line num="10" count="0" type="stmt"/>
      <line num="13" count="1" type="stmt"/>
      <line num="14" count="0" type="stmt"/>
      <line num="17" count="1" type="stmt"/>
      <line num="18" count="0" type="stmt"/>
      <line num="21" count="0" type="stmt"/>
      <line num="26" count="0" type="stmt"/>
      <line num="29" count="1" type="stmt"/>
      <line num="30" count="1" type="stmt"/>
    </file>
  </project>
</coverage>
