<?xml version="1.0" encoding="UTF-8"?>
<coverage generated="1570570754558" clover="3.2.0">
  <project timestamp="1570570754559" name="All files">
    <metrics statements="19" coveredstatements="16" conditionals="2" coveredconditionals="2" methods="5" coveredmethods="2" elements="26" coveredelements="20" complexity="0" loc="19" ncloc="19" packages="1" files="2" classes="2"/>
    <file name="hub.js" path="C:\Users\jswen\Desktop\deltav\401\lab-17\hub.js">
      <metrics statements="3" coveredstatements="3" conditionals="0" coveredconditionals="0" methods="0" coveredmethods="0"/>
      <line num="3" count="1" type="stmt"/>
      <line num="5" count="1" type="stmt"/>
      <line num="7" count="1" type="stmt"/>
    </file>
    <file name="logger.js" path="C:\Users\jswen\Desktop\deltav\401\lab-17\logger.js">
      <metrics statements="16" coveredstatements="13" conditionals="2" coveredconditionals="2" methods="5" coveredmethods="2"/>
      <line num="3" count="1" type="stmt"/>
      <line num="4" count="1" type="stmt"/>
      <line num="5" count="1" type="stmt"/>
      <line num="7" count="1" type="cond" truecount="2" falsecount="0"/>
      <line num="9" count="1" type="stmt"/>
      <line num="10" count="1" type="stmt"/>
      <line num="12" count="1" type="stmt"/>
      <line num="13" count="0" type="stmt"/>
      <line num="16" count="1" type="stmt"/>
      <line num="17" count="0" type="stmt"/>
      <line num="20" count="1" type="stmt"/>
      <line num="21" count="0" type="stmt"/>
      <line num="24" count="1" type="stmt"/>
      <line num="29" count="1" type="stmt"/>
      <line num="32" count="1" type="stmt"/>
      <line num="33" count="1" type="stmt"/>
    </file>
  </project>
</coverage>
