{"C:\\Users\\jswen\\Desktop\\deltav\\401\\lab-17\\hub.js": {"path":"C:\\Users\\jswen\\Desktop\\deltav\\401\\lab-17\\hub.js","statementMap":{"0":{"start":{"line":3,"column":0},"end":{"line":3,"column":41}},"1":{"start":{"line":5,"column":11},"end":{"line":5,"column":28}},"2":{"start":{"line":7,"column":0},"end":{"line":7,"column":26}}},"fnMap":{},"branchMap":{},"s":{"0":1,"1":1,"2":1},"f":{},"b":{},"_coverageSchema":"43e27e138ebf9cfc5966b082cf9a028302ed4184","hash":"9290a5d053c41a387fa4662947f6bed63b3b622c"}
,"C:\\Users\\jswen\\Desktop\\deltav\\401\\lab-17\\logger.js": {"path":"C:\\Users\\jswen\\Desktop\\deltav\\401\\lab-17\\logger.js","statementMap":{"0":{"start":{"line":4,"column":12},"end":{"line":4,"column":26}},"1":{"start":{"line":5,"column":15},"end":{"line":5,"column":31}},"2":{"start":{"line":7,"column":13},"end":{"line":7,"column":37}},"3":{"start":{"line":9,"column":0},"end":{"line":11,"column":3}},"4":{"start":{"line":10,"column":2},"end":{"line":10,"column":41}},"5":{"start":{"line":13,"column":0},"end":{"line":15,"column":3}},"6":{"start":{"line":14,"column":2},"end":{"line":14,"column":38}},"7":{"start":{"line":17,"column":0},"end":{"line":19,"column":3}},"8":{"start":{"line":18,"column":2},"end":{"line":18,"column":35}},"9":{"start":{"line":21,"column":2},"end":{"line":21,"column":53}},"10":{"start":{"line":26,"column":2},"end":{"line":26,"column":55}},"11":{"start":{"line":29,"column":0},"end":{"line":29,"column":24}},"12":{"start":{"line":30,"column":0},"end":{"line":30,"column":25}}},"fnMap":{"0":{"name":"(anonymous_0)","decl":{"start":{"line":9,"column":34},"end":{"line":9,"column":35}},"loc":{"start":{"line":9,"column":38},"end":{"line":11,"column":1}},"line":9},"1":{"name":"(anonymous_1)","decl":{"start":{"line":13,"column":18},"end":{"line":13,"column":19}},"loc":{"start":{"line":13,"column":26},"end":{"line":15,"column":1}},"line":13},"2":{"name":"(anonymous_2)","decl":{"start":{"line":17,"column":19},"end":{"line":17,"column":20}},"loc":{"start":{"line":17,"column":25},"end":{"line":19,"column":1}},"line":17},"3":{"name":"handleSave","decl":{"start":{"line":20,"column":10},"end":{"line":20,"column":20}},"loc":{"start":{"line":20,"column":29},"end":{"line":23,"column":1}},"line":20},"4":{"name":"handleError","decl":{"start":{"line":25,"column":9},"end":{"line":25,"column":20}},"loc":{"start":{"line":25,"column":29},"end":{"line":27,"column":1}},"line":25}},"branchMap":{"0":{"loc":{"start":{"line":7,"column":13},"end":{"line":7,"column":37}},"type":"binary-expr","locations":[{"start":{"line":7,"column":13},"end":{"line":7,"column":29}},{"start":{"line":7,"column":33},"end":{"line":7,"column":37}}],"line":7}},"s":{"0":1,"1":1,"2":1,"3":1,"4":0,"5":1,"6":0,"7":1,"8":0,"9":0,"10":0,"11":1,"12":1},"f":{"0":0,"1":0,"2":0,"3":0,"4":0},"b":{"0":[1,1]},"_coverageSchema":"43e27e138ebf9cfc5966b082cf9a028302ed4184","hash":"28c6a9a9ed9a0ccb4a013551f652064a8d826ddf"}
}
