TN:
SF:C:\Users\jswen\Desktop\deltav\401\lab-17\hub.js
FNF:0
FNH:0
DA:3,1
DA:5,1
DA:7,1
LF:3
LH:3
BRF:0
BRH:0
end_of_record
TN:
SF:C:\Users\jswen\Desktop\deltav\401\lab-17\logger.js
FN:12,(anonymous_0)
FN:16,(anonymous_1)
FN:20,(anonymous_2)
FN:23,handleSave
FN:28,handleError
FNF:5
FNH:2
FNDA:0,(anonymous_0)
FNDA:0,(anonymous_1)
FNDA:0,(anonymous_2)
FNDA:1,handleSave
FNDA:1,handleError
DA:3,1
DA:4,1
DA:5,1
DA:7,1
DA:9,1
DA:10,1
DA:12,1
DA:13,0
DA:16,1
DA:17,0
DA:20,1
DA:21,0
DA:24,1
DA:29,1
DA:32,1
DA:33,1
LF:16
LH:13
BRDA:7,0,0,1
BRDA:7,0,1,1
BRF:2
BRH:2
end_of_record
